<?xml version="1.0" encoding="UTF-8"?>
<testng-results ignored="0" total="1" passed="1" failed="0" skipped="0">
  <reporter-output>
  </reporter-output>
  <suite started-at="2020-01-05T15:44:48 IST" name="Default suite" finished-at="2020-01-05T15:44:53 IST" duration-ms="4341">
    <groups>
    </groups>
    <test started-at="2020-01-05T15:44:48 IST" name="Default test" finished-at="2020-01-05T15:44:53 IST" duration-ms="4341">
      <class name="restAssuredTest.RestAssured_DELETE_Request">
        <test-method signature="deleteTheRecord()[pri:0, instance:restAssuredTest.RestAssured_DELETE_Request@11a9e7c8]" started-at="2020-01-05T15:44:48 IST" name="deleteTheRecord" finished-at="2020-01-05T15:44:53 IST" duration-ms="4263" status="PASS">
          <reporter-output>
          </reporter-output>
        </test-method> <!-- deleteTheRecord -->
      </class> <!-- restAssuredTest.RestAssured_DELETE_Request -->
    </test> <!-- Default test -->
  </suite> <!-- Default suite -->
</testng-results>
